e:\cpp_project\lua_util\luadll530\x64\debug\vc142.pdb
e:\cpp_project\lua_util\luadll530\x64\debug\vc142.idb
e:\cpp_project\lua_util\luadll530\x64\debug\lobject.obj
e:\cpp_project\lua_util\luadll530\x64\debug\loadlib.obj
e:\cpp_project\lua_util\luadll530\x64\debug\lmem.obj
e:\cpp_project\lua_util\luadll530\x64\debug\lmathlib.obj
e:\cpp_project\lua_util\luadll530\x64\debug\llex.obj
e:\cpp_project\lua_util\luadll530\x64\debug\liolib.obj
e:\cpp_project\lua_util\luadll530\x64\debug\linit.obj
e:\cpp_project\lua_util\luadll530\x64\debug\lgc.obj
e:\cpp_project\lua_util\luadll530\x64\debug\lfunc.obj
e:\cpp_project\lua_util\luadll530\x64\debug\ldump.obj
e:\cpp_project\lua_util\luadll530\x64\debug\ldo.obj
e:\cpp_project\lua_util\luadll530\x64\debug\ldebug.obj
e:\cpp_project\lua_util\luadll530\x64\debug\ldblib.obj
e:\cpp_project\lua_util\luadll530\x64\debug\lctype.obj
e:\cpp_project\lua_util\luadll530\x64\debug\lcorolib.obj
e:\cpp_project\lua_util\luadll530\x64\debug\lcode.obj
e:\cpp_project\lua_util\luadll530\x64\debug\lbitlib.obj
e:\cpp_project\lua_util\luadll530\x64\debug\lbaselib.obj
e:\cpp_project\lua_util\luadll530\x64\debug\lauxlib.obj
e:\cpp_project\lua_util\luadll530\x64\debug\lapi.obj
e:\cpp_project\lua_util\luadll530\x64\debug\lzio.obj
e:\cpp_project\lua_util\luadll530\x64\debug\lvm.obj
e:\cpp_project\lua_util\luadll530\x64\debug\lutf8lib.obj
e:\cpp_project\lua_util\luadll530\x64\debug\lundump.obj
e:\cpp_project\lua_util\luadll530\x64\debug\ltm.obj
e:\cpp_project\lua_util\luadll530\x64\debug\ltablib.obj
e:\cpp_project\lua_util\luadll530\x64\debug\ltable.obj
e:\cpp_project\lua_util\luadll530\x64\debug\lstrlib.obj
e:\cpp_project\lua_util\luadll530\x64\debug\lstring.obj
e:\cpp_project\lua_util\luadll530\x64\debug\lstate.obj
e:\cpp_project\lua_util\luadll530\x64\debug\lparser.obj
e:\cpp_project\lua_util\luadll530\x64\debug\loslib.obj
e:\cpp_project\lua_util\luadll530\x64\debug\lopcodes.obj
e:\cpp_project\lua_util\lib\luadll530.ilk
e:\cpp_project\lua_util\lib\luadll530.dll
e:\cpp_project\lua_util\lib\luadll530.pdb
e:\cpp_project\lua_util\lib\luadll530.lib
e:\cpp_project\lua_util\lib\luadll530.exp
e:\cpp_project\lua_util\lua_app\\..\lib\luadll530.pdb
e:\cpp_project\lua_util\lua_app\\..\lib\luadll530.ilk
e:\cpp_project\lua_util\luadll530\x64\debug\luadll530.tlog\cl.command.1.tlog
e:\cpp_project\lua_util\luadll530\x64\debug\luadll530.tlog\cl.read.1.tlog
e:\cpp_project\lua_util\luadll530\x64\debug\luadll530.tlog\cl.write.1.tlog
e:\cpp_project\lua_util\luadll530\x64\debug\luadll530.tlog\link.command.1.tlog
e:\cpp_project\lua_util\luadll530\x64\debug\luadll530.tlog\link.read.1.tlog
e:\cpp_project\lua_util\luadll530\x64\debug\luadll530.tlog\link.write.1.tlog
e:\cpp_project\lua_util\luadll530\x64\debug\luadll530.tlog\luadll530.write.1u.tlog
